2026-05-28 23:01:08 INFO  TC001_AccountRegistrationTest:27 - ....starting TC001_AccountRegistrationTest.....
2026-05-28 23:01:08 INFO  TC001_AccountRegistrationTest:34 - clicked on My Account link
2026-05-28 23:01:09 INFO  TC001_AccountRegistrationTest:36 - clicked on Register link
2026-05-28 23:01:09 INFO  TC001_AccountRegistrationTest:41 - providing customer details...
2026-05-28 23:01:12 INFO  TC001_AccountRegistrationTest:55 - validating expected message...
2026-05-28 23:01:12 INFO  TC001_AccountRegistrationTest:75 - ....finished TC001_AccountRegistrationTest.....
2026-05-28 23:01:16 INFO  TC002_LoginTest:18 - **** Starting TC_002_LoginTest  ****
2026-05-28 23:01:16 INFO  TC002_LoginTest:25 - clicked on myaccount link on the home page..
2026-05-28 23:01:17 INFO  TC002_LoginTest:27 - clicked on login link under myaccount..
2026-05-28 23:01:17 INFO  TC002_LoginTest:31 - Entering valid email and password..
2026-05-28 23:01:17 INFO  TC002_LoginTest:35 - clicked on login button..
2026-05-28 23:15:35 INFO  TC001_AccountRegistrationTest:27 - ....starting TC001_AccountRegistrationTest.....
2026-05-28 23:15:36 INFO  TC001_AccountRegistrationTest:34 - clicked on My Account link
2026-05-28 23:15:36 INFO  TC001_AccountRegistrationTest:36 - clicked on Register link
2026-05-28 23:15:36 INFO  TC001_AccountRegistrationTest:41 - providing customer details...
2026-05-28 23:15:39 INFO  TC001_AccountRegistrationTest:55 - validating expected message...
2026-05-28 23:15:39 INFO  TC001_AccountRegistrationTest:75 - ....finished TC001_AccountRegistrationTest.....
2026-05-28 23:15:42 INFO  TC002_LoginTest:18 - **** Starting TC_002_LoginTest  ****
2026-05-28 23:15:42 INFO  TC002_LoginTest:25 - clicked on myaccount link on the home page..
2026-05-28 23:15:43 INFO  TC002_LoginTest:27 - clicked on login link under myaccount..
2026-05-28 23:15:43 INFO  TC002_LoginTest:31 - Entering valid email and password..
2026-05-28 23:15:43 INFO  TC002_LoginTest:35 - clicked on login button..
2026-05-28 23:15:44 INFO  TC002_LoginTest:52 - **** Finished TC_002_LoginTest  ****
2026-05-28 23:54:19 INFO  TC001_AccountRegistrationTest:27 - ....starting TC001_AccountRegistrationTest.....
2026-05-28 23:54:19 INFO  TC001_AccountRegistrationTest:34 - clicked on My Account link
2026-05-28 23:54:20 INFO  TC001_AccountRegistrationTest:36 - clicked on Register link
2026-05-28 23:54:20 INFO  TC001_AccountRegistrationTest:41 - providing customer details...
2026-05-28 23:54:22 INFO  TC001_AccountRegistrationTest:55 - validating expected message...
2026-05-28 23:54:23 ERROR TC001_AccountRegistrationTest:64 - Test failed...
